0 info it worked if it ends with ok
1 verbose cli [ 'D:\\VSCode\\node.exe',
1 verbose cli   'D:\\VSCode\\node_modules\\npm\\bin\\npm-cli.js',
1 verbose cli   'run',
1 verbose cli   'dev' ]
2 info using npm@3.10.10
3 info using node@v6.11.4
4 verbose run-script [ 'predev', 'dev', 'postdev' ]
5 info lifecycle stockexchange@1.0.0~predev: stockexchange@1.0.0
6 silly lifecycle stockexchange@1.0.0~predev: no script for predev, continuing
7 info lifecycle stockexchange@1.0.0~dev: stockexchange@1.0.0
8 verbose lifecycle stockexchange@1.0.0~dev: unsafe-perm in lifecycle true
9 verbose lifecycle stockexchange@1.0.0~dev: PATH: D:\VSCode\node_modules\npm\bin\node-gyp-bin;D:\javacode\stockexchange\node_modules\.bin;C:\ProgramData\Oracle\Java\javapath;C:\Program Files (x86)\AMD APP\bin\x86_64;C:\Program Files (x86)\AMD APP\bin\x86;C:\WINDOWS\system32;C:\WINDOWS;C:\WINDOWS\System32\Wbem;C:\WINDOWS\System32\WindowsPowerShell\v1.0\;C:\Program Files (x86)\ATI Technologies\ATI.ACE\Core-Static;D:\matlab\R2014a\runtime\win64;D:\matlab\R2014a\bin;D:\matlab\R2014a\polyspace\bin;C:\Program Files (x86)\Windows Kits\8.1\Windows Performance Toolkit\;C:\Program Files\Microsoft SQL Server\110\Tools\Binn\;C:\Program Files (x86)\Microsoft SDKs\TypeScript\1.0\;D:\Program Files (x86)\Rational\common;C:\Program Files (x86)\Common Files\lenovo\easyplussdk\bin;C:\Program Files (x86)\AMD\ATI.ACE\Core-Static;C:\Program Files\Java\jdk1.8.0_144\bin;C:\Program Files\Java\jdk1.8.0_144\jre\bin;D:\Eclipse\apache-maven-3.5.0-bin\apache-maven-3.5.0\bin;D:\Git\WinMerge;D:\VSCode\;D:\MySql\mysql-5.7.20-winx64\mysql-5.7.20-winx64\bin;D:\Git\Git\bin;C:\Users\Administrator\AppData\Local\Microsoft\WindowsApps;D:\VSCode\Microsoft VS Code\bin;C:\Users\Administrator\AppData\Roaming\npm
10 verbose lifecycle stockexchange@1.0.0~dev: CWD: D:\javacode\stockexchange
11 silly lifecycle stockexchange@1.0.0~dev: Args: [ '/d /s /c', 'node server.dev.js' ]
12 silly lifecycle stockexchange@1.0.0~dev: Returned: code: 3221225786  signal: null
13 info lifecycle stockexchange@1.0.0~dev: Failed to exec dev script
14 verbose stack Error: stockexchange@1.0.0 dev: `node server.dev.js`
14 verbose stack Exit status 3221225786
14 verbose stack     at EventEmitter.<anonymous> (D:\VSCode\node_modules\npm\lib\utils\lifecycle.js:255:16)
14 verbose stack     at emitTwo (events.js:106:13)
14 verbose stack     at EventEmitter.emit (events.js:191:7)
14 verbose stack     at ChildProcess.<anonymous> (D:\VSCode\node_modules\npm\lib\utils\spawn.js:40:14)
14 verbose stack     at emitTwo (events.js:106:13)
14 verbose stack     at ChildProcess.emit (events.js:191:7)
14 verbose stack     at maybeClose (internal/child_process.js:920:16)
14 verbose stack     at Process.ChildProcess._handle.onexit (internal/child_process.js:230:5)
15 verbose pkgid stockexchange@1.0.0
16 verbose cwd D:\javacode\stockexchange
17 error Windows_NT 10.0.14393
18 error argv "D:\\VSCode\\node.exe" "D:\\VSCode\\node_modules\\npm\\bin\\npm-cli.js" "run" "dev"
19 error node v6.11.4
20 error npm  v3.10.10
21 error code ELIFECYCLE
22 error stockexchange@1.0.0 dev: `node server.dev.js`
22 error Exit status 3221225786
23 error Failed at the stockexchange@1.0.0 dev script 'node server.dev.js'.
23 error Make sure you have the latest version of node.js and npm installed.
23 error If you do, this is most likely a problem with the stockexchange package,
23 error not with npm itself.
23 error Tell the author that this fails on your system:
23 error     node server.dev.js
23 error You can get information on how to open an issue for this project with:
23 error     npm bugs stockexchange
23 error Or if that isn't available, you can get their info via:
23 error     npm owner ls stockexchange
23 error There is likely additional logging output above.
24 verbose exit [ 1, true ]
